<?xml version="1.0" encoding="UTF-8"?>
<testng-results total="2" passed="2" failed="0" skipped="0">
  <reporter-output>
  </reporter-output>
  <suite started-at="2021-06-10T14:35:12Z" name="Default suite" finished-at="2021-06-10T14:35:24Z" duration-ms="11813">
    <groups>
    </groups>
    <test started-at="2021-06-10T14:35:12Z" name="Default test" finished-at="2021-06-10T14:35:24Z" duration-ms="11813">
      <class name="AutomationInsent.InsentAI.loginTest">
        <test-method is-config="true" signature="initialize()[pri:0, instance:AutomationInsent.InsentAI.loginTest@6fa34d52]" started-at="2021-06-10T20:05:12Z" name="initialize" finished-at="2021-06-10T20:05:15Z" duration-ms="2774" status="PASS">
          <reporter-output>
          </reporter-output>
        </test-method> <!-- initialize -->
        <test-method signature="Test1(java.lang.String, java.lang.String)[pri:0, instance:AutomationInsent.InsentAI.loginTest@6fa34d52]" started-at="2021-06-10T20:05:15Z" name="Test1" data-provider="getData" finished-at="2021-06-10T20:05:22Z" duration-ms="7714" status="PASS">
          <params>
            <param index="0">
              <value>
                <![CDATA[verma.shritansh@gmail.com]]>
              </value>
            </param>
            <param index="1">
              <value>
                <![CDATA[shritansh789]]>
              </value>
            </param>
          </params>
          <reporter-output>
          </reporter-output>
        </test-method> <!-- Test1 -->
        <test-method signature="Test1(java.lang.String, java.lang.String)[pri:0, instance:AutomationInsent.InsentAI.loginTest@6fa34d52]" started-at="2021-06-10T20:05:22Z" name="Test1" data-provider="getData" finished-at="2021-06-10T20:05:24Z" duration-ms="1306" status="PASS">
          <params>
            <param index="0">
              <value>
                <![CDATA[xyz@gmail.com]]>
              </value>
            </param>
            <param index="1">
              <value>
                <![CDATA[456788]]>
              </value>
            </param>
          </params>
          <reporter-output>
          </reporter-output>
        </test-method> <!-- Test1 -->
      </class> <!-- AutomationInsent.InsentAI.loginTest -->
    </test> <!-- Default test -->
  </suite> <!-- Default suite -->
</testng-results>
