<?xml version="1.0" encoding="UTF-8"?>
<!-- Generated by org.testng.reporters.JUnitXMLReporter -->
<testsuite hostname="SATYAM" name="Test" tests="8" failures="0" timestamp="6 Jun 2021 06:48:29 GMT" time="165.367" errors="0">
  <testcase name="Test4" time="21.223" classname="AutomationInsent.InsentAI.FourTest"/>
  <testcase name="Test5" time="24.544" classname="AutomationInsent.InsentAI.FiveTest"/>
  <testcase name="Test1" time="19.617" classname="AutomationInsent.InsentAI.FirstTest"/>
  <testcase name="Test3" time="23.381" classname="AutomationInsent.InsentAI.ThreeTest"/>
  <testcase name="Login1" time="14.748" classname="AutomationInsent.InsentAI.loginTest"/>
  <testcase name="Login2" time="16.222" classname="AutomationInsent.InsentAI.loginTest"/>
  <testcase name="Login3" time="18.373" classname="AutomationInsent.InsentAI.loginTest"/>
  <testcase name="Test2" time="26.957" classname="AutomationInsent.InsentAI.SecondTest"/>
</testsuite> <!-- Test -->
