<?xml version="1.0" encoding="UTF-8"?>
<testsuite xmlns:xsi="http://www.w3.org/2001/XMLSchema-instance" xsi:noNamespaceSchemaLocation="https://maven.apache.org/surefire/maven-surefire-plugin/xsd/surefire-test-report-3.0.xsd" version="3.0" name="TestSuite" time="170.224" tests="8" errors="0" skipped="0" failures="0">
  <properties>
[...]
</properties>
  <testcase name="Test4" classname="AutomationInsent.InsentAI.FourTest" time="21.291">
    <system-err><![CDATA[Starting ChromeDriver 89.0.4389.23 (61b08ee2c50024bab004e48d2b1b083cdbdac579-refs/branch-heads/4389@{#294}) on port 41114
Only local connections are allowed.
Please see https://chromedriver.chromium.org/security-considerations for suggestions on keeping ChromeDriver safe.
ChromeDriver was started successfully.
[1622961944.696][WARNING]: This version of ChromeDriver has not been tested with Chrome version 90.
[1622961946.562][WARNING]: This version of ChromeDriver has not been tested with Chrome version 90.
Jun 06, 2021 12:15:46 PM org.openqa.selenium.remote.ProtocolHandshake createSession
INFO: Detected dialect: OSS
]]></system-err>
  </testcase>
  <testcase name="Test5" classname="AutomationInsent.InsentAI.FiveTest" time="24.51">
    <system-err><![CDATA[Starting ChromeDriver 89.0.4389.23 (61b08ee2c50024bab004e48d2b1b083cdbdac579-refs/branch-heads/4389@{#294}) on port 32521
Only local connections are allowed.
Please see https://chromedriver.chromium.org/security-considerations for suggestions on keeping ChromeDriver safe.
ChromeDriver was started successfully.
[1622961966.759][WARNING]: This version of ChromeDriver has not been tested with Chrome version 90.
[1622961969.060][WARNING]: This version of ChromeDriver has not been tested with Chrome version 90.
Jun 06, 2021 12:16:09 PM org.openqa.selenium.remote.ProtocolHandshake createSession
INFO: Detected dialect: OSS
]]></system-err>
  </testcase>
  <testcase name="Test1" classname="AutomationInsent.InsentAI.FirstTest" time="19.644">
    <system-err><![CDATA[Starting ChromeDriver 89.0.4389.23 (61b08ee2c50024bab004e48d2b1b083cdbdac579-refs/branch-heads/4389@{#294}) on port 39176
Only local connections are allowed.
Please see https://chromedriver.chromium.org/security-considerations for suggestions on keeping ChromeDriver safe.
ChromeDriver was started successfully.
[1622961991.183][WARNING]: This version of ChromeDriver has not been tested with Chrome version 90.
[1622961992.900][WARNING]: This version of ChromeDriver has not been tested with Chrome version 90.
Jun 06, 2021 12:16:32 PM org.openqa.selenium.remote.ProtocolHandshake createSession
INFO: Detected dialect: OSS
]]></system-err>
  </testcase>
  <testcase name="Test3" classname="AutomationInsent.InsentAI.ThreeTest" time="23.385">
    <system-err><![CDATA[Starting ChromeDriver 89.0.4389.23 (61b08ee2c50024bab004e48d2b1b083cdbdac579-refs/branch-heads/4389@{#294}) on port 12690
Only local connections are allowed.
Please see https://chromedriver.chromium.org/security-considerations for suggestions on keeping ChromeDriver safe.
ChromeDriver was started successfully.
[1622962011.982][WARNING]: This version of ChromeDriver has not been tested with Chrome version 90.
[1622962014.374][WARNING]: This version of ChromeDriver has not been tested with Chrome version 90.
Jun 06, 2021 12:16:54 PM org.openqa.selenium.remote.ProtocolHandshake createSession
INFO: Detected dialect: OSS
]]></system-err>
  </testcase>
  <testcase name="Login1" classname="AutomationInsent.InsentAI.loginTest" time="14.824">
    <system-err><![CDATA[Starting ChromeDriver 89.0.4389.23 (61b08ee2c50024bab004e48d2b1b083cdbdac579-refs/branch-heads/4389@{#294}) on port 27262
Only local connections are allowed.
Please see https://chromedriver.chromium.org/security-considerations for suggestions on keeping ChromeDriver safe.
ChromeDriver was started successfully.
[1622962033.597][WARNING]: This version of ChromeDriver has not been tested with Chrome version 90.
[1622962035.458][WARNING]: This version of ChromeDriver has not been tested with Chrome version 90.
Jun 06, 2021 12:17:16 PM org.openqa.selenium.remote.ProtocolHandshake createSession
INFO: Detected dialect: OSS
]]></system-err>
  </testcase>
  <testcase name="Login2" classname="AutomationInsent.InsentAI.loginTest" time="16.157">
    <system-err><![CDATA[Starting ChromeDriver 89.0.4389.23 (61b08ee2c50024bab004e48d2b1b083cdbdac579-refs/branch-heads/4389@{#294}) on port 36289
Only local connections are allowed.
Please see https://chromedriver.chromium.org/security-considerations for suggestions on keeping ChromeDriver safe.
ChromeDriver was started successfully.
[1622962049.163][WARNING]: This version of ChromeDriver has not been tested with Chrome version 90.
[1622962054.071][WARNING]: This version of ChromeDriver has not been tested with Chrome version 90.
Jun 06, 2021 12:17:34 PM org.openqa.selenium.remote.ProtocolHandshake createSession
INFO: Detected dialect: OSS
]]></system-err>
  </testcase>
  <testcase name="Login3" classname="AutomationInsent.InsentAI.loginTest" time="18.78">
    <system-err><![CDATA[Starting ChromeDriver 89.0.4389.23 (61b08ee2c50024bab004e48d2b1b083cdbdac579-refs/branch-heads/4389@{#294}) on port 3637
Only local connections are allowed.
Please see https://chromedriver.chromium.org/security-considerations for suggestions on keeping ChromeDriver safe.
ChromeDriver was started successfully.
[1622962066.783][WARNING]: This version of ChromeDriver has not been tested with Chrome version 90.
[1622962070.367][WARNING]: This version of ChromeDriver has not been tested with Chrome version 90.
Jun 06, 2021 12:17:50 PM org.openqa.selenium.remote.ProtocolHandshake createSession
INFO: Detected dialect: OSS
]]></system-err>
  </testcase>
  <testcase name="Test2" classname="AutomationInsent.InsentAI.SecondTest" time="26.513">
    <system-err><![CDATA[Starting ChromeDriver 89.0.4389.23 (61b08ee2c50024bab004e48d2b1b083cdbdac579-refs/branch-heads/4389@{#294}) on port 29031
Only local connections are allowed.
Please see https://chromedriver.chromium.org/security-considerations for suggestions on keeping ChromeDriver safe.
ChromeDriver was started successfully.
[1622962085.600][WARNING]: This version of ChromeDriver has not been tested with Chrome version 90.
[1622962088.398][WARNING]: This version of ChromeDriver has not been tested with Chrome version 90.
Jun 06, 2021 12:18:08 PM org.openqa.selenium.remote.ProtocolHandshake createSession
INFO: Detected dialect: OSS
]]></system-err>
  </testcase>
</testsuite>